<?xml version="1.0" encoding="UTF-8"?>
<!-- Generated by org.testng.reporters.JUnitReportReporter -->
<testsuite hostname="TYSS-Akash-Deb" failures="0" tests="2" name="webElement.ToRegisterAndLoginUserTest" time="7.714" errors="0" timestamp="25 Jan 2024 10:15:39 GMT" skipped="0">
  <testcase classname="webElement.ToRegisterAndLoginUserTest" name="toResgisterUserTest" time="5.013"/>
  <testcase classname="webElement.ToRegisterAndLoginUserTest" name="toLoginUserTest" time="2.701"/>
</testsuite> <!-- webElement.ToRegisterAndLoginUserTest -->
